{"name": "Поиск книги на английском", "status": "broken", "statusDetails": {"message": "selenium.common.exceptions.TimeoutException: Message: \nStacktrace:\n\tGetHandleVerifier [0x0x7ff7961f1eb5+80197]\n\tGetHandleVerifier [0x0x7ff7961f1f10+80288]\n\t(No symbol) [0x0x7ff795f702fa]\n\t(No symbol) [0x0x7ff795fc7cd7]\n\t(No symbol) [0x0x7ff795fc7f9c]\n\t(No symbol) [0x0x7ff79601ba87]\n\t(No symbol) [0x0x7ff795ff03bf]\n\t(No symbol) [0x0x7ff7960187fb]\n\t(No symbol) [0x0x7ff795ff0153]\n\t(No symbol) [0x0x7ff795fb8b02]\n\t(No symbol) [0x0x7ff795fb98d3]\n\tGetHandleVerifier [0x0x7ff7964ae83d+2949837]\n\tGetHandleVerifier [0x0x7ff7964a8c6a+2926330]\n\tGetHandleVerifier [0x0x7ff7964c86c7+3055959]\n\tGetHandleVerifier [0x0x7ff79620cfee+191102]\n\tGetHandleVerifier [0x0x7ff7962150af+224063]\n\tGetHandleVerifier [0x0x7ff7961faf64+117236]\n\tGetHandleVerifier [0x0x7ff7961fb119+117673]\n\tGetHandleVerifier [0x0x7ff7961e10a8+11064]\n\tBaseThreadInitThunk [0x0x7ffeddd07374+20]\n\tRtlUserThreadStart [0x0x7ffede71cc91+33]", "trace": "self = <test_ui.TestBookSearch object at 0x00000208B6D48C30>\ndriver = <selenium.webdriver.chrome.webdriver.WebDriver (session=\"c9ad7876537ffc07a90018cd30a8f784\")>\n\n    @allure.title(\"Поиск книги на английском\")\n    @allure.description(\"Тест проверяет поиск книги с использование английского названия\")\n    def test_by_name_language_english(self, driver):\n        main_page = MainPage(driver)\n>       main_page.search_book(\"house\")\n\ntest_ui.py:25: \n_ _ _ _ _ _ _ _ _ _ _ _ _ _ _ _ _ _ _ _ _ _ _ _ _ _ _ _ _ _ _ _ _ _ _ _ _ _ _ _ _ _ _ _ _ _ _ _ _ _ _ _ _ _ _ _ _ _ _ _ _ _ _ _ _ _ _ _ _ _ _ _ _ _ _ _ _ _ _ _\npages\\MainPage.py:17: in search_book\n    WebDriverWait(self.driver, 40).until(\n_ _ _ _ _ _ _ _ _ _ _ _ _ _ _ _ _ _ _ _ _ _ _ _ _ _ _ _ _ _ _ _ _ _ _ _ _ _ _ _ _ _ _ _ _ _ _ _ _ _ _ _ _ _ _ _ _ _ _ _ _ _ _ _ _ _ _ _ _ _ _ _ _ _ _ _ _ _ _ _\n\nself = <selenium.webdriver.support.wait.WebDriverWait (session=\"c9ad7876537ffc07a90018cd30a8f784\")>\nmethod = <function text_to_be_present_in_element.<locals>._predicate at 0x00000208B6DB3C40>, message = ''\n\n    def until(self, method: Callable[[D], Union[Literal[False], T]], message: str = \"\") -> T:\n        \"\"\"Wait until the method returns a value that is not False.\n    \n        Calls the method provided with the driver as an argument until the\n        return value does not evaluate to ``False``.\n    \n        Parameters:\n        -----------\n        method: callable(WebDriver)\n            - A callable object that takes a WebDriver instance as an argument.\n    \n        message: str\n            - Optional message for :exc:`TimeoutException`\n    \n        Return:\n        -------\n        object: T\n            - The result of the last call to `method`\n    \n        Raises:\n        -------\n        TimeoutException\n            - If 'method' does not return a truthy value within the WebDriverWait\n            object's timeout\n    \n        Example:\n        --------\n        >>> from selenium.webdriver.common.by import By\n        >>> from selenium.webdriver.support.ui import WebDriverWait\n        >>> from selenium.webdriver.support import expected_conditions as EC\n    \n        # Wait until an element is visible on the page\n        >>> wait = WebDriverWait(driver, 10)\n        >>> element = wait.until(EC.visibility_of_element_located((By.ID, \"exampleId\")))\n        >>> print(element.text)\n        \"\"\"\n        screen = None\n        stacktrace = None\n    \n        end_time = time.monotonic() + self._timeout\n        while True:\n            try:\n                value = method(self._driver)\n                if value:\n                    return value\n            except self._ignored_exceptions as exc:\n                screen = getattr(exc, \"screen\", None)\n                stacktrace = getattr(exc, \"stacktrace\", None)\n            if time.monotonic() > end_time:\n                break\n            time.sleep(self._poll)\n>       raise TimeoutException(message, screen, stacktrace)\nE       selenium.common.exceptions.TimeoutException: Message: \nE       Stacktrace:\nE       \tGetHandleVerifier [0x0x7ff7961f1eb5+80197]\nE       \tGetHandleVerifier [0x0x7ff7961f1f10+80288]\nE       \t(No symbol) [0x0x7ff795f702fa]\nE       \t(No symbol) [0x0x7ff795fc7cd7]\nE       \t(No symbol) [0x0x7ff795fc7f9c]\nE       \t(No symbol) [0x0x7ff79601ba87]\nE       \t(No symbol) [0x0x7ff795ff03bf]\nE       \t(No symbol) [0x0x7ff7960187fb]\nE       \t(No symbol) [0x0x7ff795ff0153]\nE       \t(No symbol) [0x0x7ff795fb8b02]\nE       \t(No symbol) [0x0x7ff795fb98d3]\nE       \tGetHandleVerifier [0x0x7ff7964ae83d+2949837]\nE       \tGetHandleVerifier [0x0x7ff7964a8c6a+2926330]\nE       \tGetHandleVerifier [0x0x7ff7964c86c7+3055959]\nE       \tGetHandleVerifier [0x0x7ff79620cfee+191102]\nE       \tGetHandleVerifier [0x0x7ff7962150af+224063]\nE       \tGetHandleVerifier [0x0x7ff7961faf64+117236]\nE       \tGetHandleVerifier [0x0x7ff7961fb119+117673]\nE       \tGetHandleVerifier [0x0x7ff7961e10a8+11064]\nE       \tBaseThreadInitThunk [0x0x7ffeddd07374+20]\nE       \tRtlUserThreadStart [0x0x7ffede71cc91+33]\n\nC:\\Users\\admin\\AppData\\Local\\Programs\\Python\\Python313\\Lib\\site-packages\\selenium\\webdriver\\support\\wait.py:138: TimeoutException"}, "description": "Тест проверяет поиск книги с использование английского названия", "start": 1759317223901, "stop": 1759317271444, "uuid": "d6da7ea4-9c24-4ec1-b698-7cc6fc65153b", "historyId": "ebc4d3fd3eb0b4f9654f755b84936df0", "testCaseId": "ebc4d3fd3eb0b4f9654f755b84936df0", "fullName": "test_ui.TestBookSearch#test_by_name_language_english", "labels": [{"name": "epic", "value": "UI Тестирование"}, {"name": "feature", "value": "Поиск книжной информации"}, {"name": "suite", "value": "test_ui"}, {"name": "subSuite", "value": "TestBookSearch"}, {"name": "host", "value": "DESKTOP-NVPT3N8"}, {"name": "thread", "value": "18696-MainThread"}, {"name": "framework", "value": "pytest"}, {"name": "language", "value": "cpython3"}, {"name": "package", "value": "test_ui"}], "titlePath": ["test_ui.py", "TestBookSearch"]}